<?xml version="1.0" encoding="UTF-8"?>
<!-- Generated by org.testng.reporters.JUnitReportReporter -->
<testsuite name="com.testng.ex.TestBelongsToSingleGroup" tests="4" time="0.016" ignored="4" failures="0" timestamp="19 Jul 2017 14:13:03 GMT" skipped="0" hostname="admin-PC" errors="0">
  <testcase name="testFour" time="0.001" classname="com.testng.ex.TestBelongsToSingleGroup"/>
  <testcase name="testFour" time="0.010" classname="com.testng.ex.TestBelongsToSingleGroup"/>
  <testcase name="testOne" time="0.002" classname="com.testng.ex.TestBelongsToSingleGroup"/>
  <testcase name="testThree" time="0.003" classname="com.testng.ex.TestBelongsToSingleGroup"/>
  <testcase name="testTwo" classname="com.testng.ex.TestBelongsToSingleGroup">
    <skipped/>
  </testcase> <!-- testTwo -->
  <testcase name="testTwo" classname="com.testng.ex.TestBelongsToSingleGroup">
    <skipped/>
  </testcase> <!-- testTwo -->
  <testcase name="testOne" classname="com.testng.ex.TestBelongsToSingleGroup">
    <skipped/>
  </testcase> <!-- testOne -->
  <testcase name="testThree" classname="com.testng.ex.TestBelongsToSingleGroup">
    <skipped/>
  </testcase> <!-- testThree -->
</testsuite> <!-- com.testng.ex.TestBelongsToSingleGroup -->
