<?xml version="1.0" encoding="UTF-8"?>
<!-- Generated by org.testng.reporters.JUnitReportReporter -->
<testsuite name="ExecuteMultipleSanity.ClassTwo" tests="1" time="0.054" ignored="0" failures="0" timestamp="05 May 2019 06:50:56 GMT" skipped="0" hostname="admin-PC" errors="0">
  <testcase name="SecondClass" time="0.054" classname="ExecuteMultipleSanity.ClassTwo"/>
</testsuite> <!-- ExecuteMultipleSanity.ClassTwo -->
