<?xml version="1.0" encoding="UTF-8"?>
<!-- Generated by org.testng.reporters.JUnitReportReporter -->
<testsuite name="ExecuteMultipleRegression.FirstClass" tests="1" time="0.001" ignored="0" failures="0" timestamp="28 Jul 2017 08:20:42 GMT" skipped="0" hostname="admin-PC" errors="0">
  <testcase name="testOne" time="0.001" classname="ExecuteMultipleRegression.FirstClass"/>
</testsuite> <!-- ExecuteMultipleRegression.FirstClass -->
