<?xml version="1.0" encoding="UTF-8"?>
<!-- Generated by org.testng.reporters.JUnitReportReporter -->
<testsuite name="ExtendDemo.logGenerations" tests="1" time="0.016" ignored="0" failures="0" timestamp="05 May 2019 06:58:22 GMT" skipped="0" hostname="admin-PC" errors="0">
  <testcase name="generateLog" time="0.016" classname="ExtendDemo.logGenerations"/>
</testsuite> <!-- ExtendDemo.logGenerations -->
