<?xml version="1.0" encoding="UTF-8"?>
<!-- Generated by org.testng.reporters.JUnitReportReporter -->
<testsuite name="com.testng.ex.TimeoutTest" tests="1" time="2.002" ignored="0" failures="0" timestamp="14 Jun 2017 08:17:37 GMT" skipped="0" hostname="admin-PC" errors="0">
  <testcase name="Test2" time="2.002" classname="com.testng.ex.TimeoutTest"/>
</testsuite> <!-- com.testng.ex.TimeoutTest -->
