<?xml version="1.0" encoding="UTF-8"?>
<!-- Generated by org.testng.reporters.JUnitReportReporter -->
<testsuite name="com.testng.ex.TestDependsOnMethod" tests="5" time="0.009" ignored="0" failures="0" timestamp="14 Jun 2017 08:17:37 GMT" skipped="0" hostname="admin-PC" errors="0">
  <testcase name="test1" time="0.002" classname="com.testng.ex.TestDependsOnMethod"/>
  <testcase name="test5" time="0.001" classname="com.testng.ex.TestDependsOnMethod"/>
  <testcase name="test2" time="0.001" classname="com.testng.ex.TestDependsOnMethod"/>
  <testcase name="test3" time="0.002" classname="com.testng.ex.TestDependsOnMethod"/>
  <testcase name="test4" time="0.003" classname="com.testng.ex.TestDependsOnMethod"/>
</testsuite> <!-- com.testng.ex.TestDependsOnMethod -->
