<?xml version="1.0" encoding="UTF-8"?>
<!-- Generated by org.testng.reporters.JUnitReportReporter -->
<testsuite name="ExecuteMultipleRegression.ClassTwo" tests="1" time="0.014" ignored="0" failures="0" timestamp="28 Jul 2017 08:20:42 GMT" skipped="0" hostname="admin-PC" errors="0">
  <testcase name="SecondClass" time="0.014" classname="ExecuteMultipleRegression.ClassTwo"/>
</testsuite> <!-- ExecuteMultipleRegression.ClassTwo -->
