<?xml version="1.0" encoding="UTF-8"?>
<!-- Generated by org.testng.reporters.JUnitReportReporter -->
<testsuite name="com.testng.ex.dataProviderInOtherClass" tests="3" time="0.033" ignored="0" failures="0" timestamp="04 May 2019 06:40:17 GMT" skipped="0" hostname="admin-PC" errors="0">
  <testcase name="SecondMethod" time="0.004" classname="com.testng.ex.dataProviderInOtherClass"/>
  <testcase name="SecondMethod" time="0.004" classname="com.testng.ex.dataProviderInOtherClass"/>
  <testcase name="SecondMethod" time="0.025" classname="com.testng.ex.dataProviderInOtherClass"/>
</testsuite> <!-- com.testng.ex.dataProviderInOtherClass -->
