<?xml version="1.0" encoding="UTF-8"?>
<!-- Generated by org.testng.reporters.JUnitReportReporter -->
<testsuite name="com.testng.ex.childClass" tests="3" time="0.014" ignored="0" failures="0" timestamp="19 Jul 2017 14:38:19 GMT" skipped="0" hostname="admin-PC" errors="0">
  <testcase name="abc" time="0.002" classname="com.testng.ex.childClass"/>
  <testcase name="efg" time="0.010" classname="com.testng.ex.childClass"/>
  <testcase name="parentAbc" time="0.002" classname="com.testng.ex.childClass"/>
</testsuite> <!-- com.testng.ex.childClass -->
