<?xml version="1.0" encoding="UTF-8"?>
<!-- Generated by org.testng.reporters.JUnitReportReporter -->
<testsuite name="ScreenShot.CaptureScreenShotTest" tests="1" time="47.582" ignored="0" failures="0" timestamp="05 May 2019 08:02:06 GMT" skipped="0" hostname="admin-PC" errors="1">
  <testcase name="captureScreenShot" time="47.582" classname="ScreenShot.CaptureScreenShotTest">
    <error type="org.openqa.selenium.WebDriverException" message="Failed to connect to binary FirefoxBinary(C:\Program Files\Mozilla Firefox\firefox.exe) on port 7055; process output follows: 
,&quot;strictCompatibility&quot;:true,&quot;locales&quot;:[],&quot;targetApplications&quot;:[{&quot;id&quot;:&quot;toolkit@mozilla.org&quot;,&quot;minVersion&quot;:null,&quot;maxVersion&quot;:null}],&quot;targetPlatforms&quot;:[],&quot;seen&quot;:true,&quot;dependencies&quot;:[],&quot;userPermissions&quot;:{&quot;permissions&quot;:[&quot;tabs&quot;],&quot;origins&quot;:[&quot;&lt;all_urls&gt;&quot;]},&quot;icons&quot;:{&quot;16&quot;:&quot;icons/lightbulb.svg&quot;,&quot;32&quot;:&quot;icons/lightbulb.svg&quot;,&quot;48&quot;:&quot;icons/lightbulb.svg&quot;,&quot;96&quot;:&quot;icons/lightbulb.svg&quot;,&quot;128&quot;:&quot;icons/lightbulb.svg&quot;},&quot;iconURL&quot;:null,&quot;blocklistState&quot;:0,&quot;blocklistURL&quot;:null,&quot;startupData&quot;:null,&quot;hidden&quot;:true,&quot;installTelemetryInfo&quot;:null,&quot;location&quot;:&quot;app-system-defaults&quot;}
1557043282197	addons.xpi	DEBUG	Updating XPIState for {&quot;id&quot;:&quot;webcompat@mozilla.org&quot;,&quot;syncGUID&quot;:&quot;{b1cb6de8-a5ff-4dd6-9c83-4fad64a96f4f}&quot;,&quot;version&quot;:&quot;3.0.2&quot;,&quot;type&quot;:&quot;extension&quot;,&quot;loader&quot;:null,&quot;updateURL&quot;:null,&quot;optionsURL&quot;:null,&quot;optionsType&quot;:null,&quot;optionsBrowserStyle&quot;:true,&quot;aboutURL&quot;:null,&quot;defaultLocale&quot;:{&quot;name&quot;:&quot;Web Compat&quot;,&quot;description&quot;:&quot;Urgent post-release fixes for web compatibility.&quot;,&quot;creator&quot;:null,&quot;developers&quot;:null,&quot;translators&quot;:null,&quot;contributors&quot;:null},&quot;visible&quot;:true,&quot;active&quot;:true,&quot;userDisabled&quot;:false,&quot;appDisabled&quot;:false,&quot;installDate&quot;:1553933353554,&quot;updateDate&quot;:1553933353554,&quot;applyBackgroundUpdates&quot;:1,&quot;path&quot;:&quot;C:\\Program Files\\Mozilla Firefox\\browser\\features\\webcompat@mozilla.org.xpi&quot;,&quot;skinnable&quot;:false,&quot;sourceURI&quot;:null,&quot;releaseNotesURI&quot;:null,&quot;softDisabled&quot;:false,&quot;foreignInstall&quot;:false,&quot;strictCompatibility&quot;:true,&quot;locales&quot;:[],&quot;targetApplications&quot;:[{&quot;id&quot;:&quot;toolkit@mozilla.org&quot;,&quot;minVersion&quot;:&quot;59.0b5&quot;,&quot;maxVersion&quot;:null}],&quot;targetPlatforms&quot;:[],&quot;seen&quot;:true,&quot;dependencies&quot;:[],&quot;userPermissions&quot;:{&quot;permissions&quot;:[&quot;webRequest&quot;,&quot;webRequestBlocking&quot;],&quot;origins&quot;:[&quot;&lt;all_urls&gt;&quot;]},&quot;icons&quot;:{},&quot;iconURL&quot;:null,&quot;blocklistState&quot;:0,&quot;blocklistURL&quot;:null,&quot;startupData&quot;:null,&quot;hidden&quot;:true,&quot;installTelemetryInfo&quot;:null,&quot;location&quot;:&quot;app-system-defaults&quot;}
1557043282198	addons.xpi-utils	DEBUG	Updating add-on states
1557043282200	addons.xpi	DEBUG	Calling bootstrap method startup on formautofill@mozilla.org version 1.0
1557043282202	addons.xpi	DEBUG	Calling bootstrap method startup on screenshots@mozilla.org version 35.0.0
1557043282203	addons.xpi	DEBUG	Calling bootstrap method startup on webcompat@mozilla.org version 3.0.2
1557043282205	addons.manager	DEBUG	Registering shutdown blocker for XPIProvider
1557043282205	addons.manager	DEBUG	Provider finished startup: XPIProvider
1557043282205	addons.manager	DEBUG	Starting provider: LightweightThemeManager
1557043282205	addons.manager	DEBUG	Registering shutdown blocker for LightweightThemeManager
1557043282206	addons.manager	DEBUG	Provider finished startup: LightweightThemeManager
1557043282206	addons.manager	DEBUG	Starting provider: GMPProvider
1557043282210	addons.manager	DEBUG	Registering shutdown blocker for GMPProvider
1557043282210	addons.manager	DEBUG	Provider finished startup: GMPProvider
1557043282210	addons.manager	DEBUG	Starting provider: PluginProvider
1557043282210	addons.manager	DEBUG	Registering shutdown blocker for PluginProvider
1557043282210	addons.manager	DEBUG	Provider finished startup: PluginProvider
1557043282215	addons.manager	DEBUG	Completed startup sequence
1557043282638	addons.xpi-utils	DEBUG	XPI Database saved, setting schema version preference to 28
1557043282899	addons.repository	DEBUG	No addons.json found.
1557043283547	addons.manager	DEBUG	Registering upgrade listener for formautofill@mozilla.org
1557043283617	addons.xpi	DEBUG	Ignoring file: name is not a valid add-on ID: C:\Users\admin\AppData\Local\Temp\anonymous2831168223817640681webdriver-profile\extensions\webdriver-staging
1557043283617	addons.xpi	DEBUG	Existing add-on formautofill@mozilla.org in app-system-defaults
1557043283618	addons.xpi	DEBUG	Existing add-on screenshots@mozilla.org in app-system-defaults
1557043283618	addons.xpi	DEBUG	Existing add-on webcompat-reporter@mozilla.org in app-system-defaults
1557043283618	addons.xpi	DEBUG	Existing add-on webcompat@mozilla.org in app-system-defaults
1557043283619	addons.xpi	DEBUG	scanForChanges changed: false, state: {}
JavaScript error: resource://gre/modules/addons/XPIProvider.jsm, line 2614: TypeError: addon is null

Build info: version: &#039;2.53.0&#039;, revision: &#039;35ae25b&#039;, time: &#039;2016-03-15 16:57:40&#039;
System info: host: &#039;admin-PC&#039;, ip: &#039;169.254.203.218&#039;, os.name: &#039;Windows 7&#039;, os.arch: &#039;amd64&#039;, os.version: &#039;6.1&#039;, java.version: &#039;1.8.0_121&#039;
Driver info: driver.version: FirefoxDriver">
      <![CDATA[org.openqa.selenium.WebDriverException: Failed to connect to binary FirefoxBinary(C:\Program Files\Mozilla Firefox\firefox.exe) on port 7055; process output follows: 
,"strictCompatibility":true,"locales":[],"targetApplications":[{"id":"toolkit@mozilla.org","minVersion":null,"maxVersion":null}],"targetPlatforms":[],"seen":true,"dependencies":[],"userPermissions":{"permissions":["tabs"],"origins":["<all_urls>"]},"icons":{"16":"icons/lightbulb.svg","32":"icons/lightbulb.svg","48":"icons/lightbulb.svg","96":"icons/lightbulb.svg","128":"icons/lightbulb.svg"},"iconURL":null,"blocklistState":0,"blocklistURL":null,"startupData":null,"hidden":true,"installTelemetryInfo":null,"location":"app-system-defaults"}
1557043282197	addons.xpi	DEBUG	Updating XPIState for {"id":"webcompat@mozilla.org","syncGUID":"{b1cb6de8-a5ff-4dd6-9c83-4fad64a96f4f}","version":"3.0.2","type":"extension","loader":null,"updateURL":null,"optionsURL":null,"optionsType":null,"optionsBrowserStyle":true,"aboutURL":null,"defaultLocale":{"name":"Web Compat","description":"Urgent post-release fixes for web compatibility.","creator":null,"developers":null,"translators":null,"contributors":null},"visible":true,"active":true,"userDisabled":false,"appDisabled":false,"installDate":1553933353554,"updateDate":1553933353554,"applyBackgroundUpdates":1,"path":"C:\\Program Files\\Mozilla Firefox\\browser\\features\\webcompat@mozilla.org.xpi","skinnable":false,"sourceURI":null,"releaseNotesURI":null,"softDisabled":false,"foreignInstall":false,"strictCompatibility":true,"locales":[],"targetApplications":[{"id":"toolkit@mozilla.org","minVersion":"59.0b5","maxVersion":null}],"targetPlatforms":[],"seen":true,"dependencies":[],"userPermissions":{"permissions":["webRequest","webRequestBlocking"],"origins":["<all_urls>"]},"icons":{},"iconURL":null,"blocklistState":0,"blocklistURL":null,"startupData":null,"hidden":true,"installTelemetryInfo":null,"location":"app-system-defaults"}
1557043282198	addons.xpi-utils	DEBUG	Updating add-on states
1557043282200	addons.xpi	DEBUG	Calling bootstrap method startup on formautofill@mozilla.org version 1.0
1557043282202	addons.xpi	DEBUG	Calling bootstrap method startup on screenshots@mozilla.org version 35.0.0
1557043282203	addons.xpi	DEBUG	Calling bootstrap method startup on webcompat@mozilla.org version 3.0.2
1557043282205	addons.manager	DEBUG	Registering shutdown blocker for XPIProvider
1557043282205	addons.manager	DEBUG	Provider finished startup: XPIProvider
1557043282205	addons.manager	DEBUG	Starting provider: LightweightThemeManager
1557043282205	addons.manager	DEBUG	Registering shutdown blocker for LightweightThemeManager
1557043282206	addons.manager	DEBUG	Provider finished startup: LightweightThemeManager
1557043282206	addons.manager	DEBUG	Starting provider: GMPProvider
1557043282210	addons.manager	DEBUG	Registering shutdown blocker for GMPProvider
1557043282210	addons.manager	DEBUG	Provider finished startup: GMPProvider
1557043282210	addons.manager	DEBUG	Starting provider: PluginProvider
1557043282210	addons.manager	DEBUG	Registering shutdown blocker for PluginProvider
1557043282210	addons.manager	DEBUG	Provider finished startup: PluginProvider
1557043282215	addons.manager	DEBUG	Completed startup sequence
1557043282638	addons.xpi-utils	DEBUG	XPI Database saved, setting schema version preference to 28
1557043282899	addons.repository	DEBUG	No addons.json found.
1557043283547	addons.manager	DEBUG	Registering upgrade listener for formautofill@mozilla.org
1557043283617	addons.xpi	DEBUG	Ignoring file: name is not a valid add-on ID: C:\Users\admin\AppData\Local\Temp\anonymous2831168223817640681webdriver-profile\extensions\webdriver-staging
1557043283617	addons.xpi	DEBUG	Existing add-on formautofill@mozilla.org in app-system-defaults
1557043283618	addons.xpi	DEBUG	Existing add-on screenshots@mozilla.org in app-system-defaults
1557043283618	addons.xpi	DEBUG	Existing add-on webcompat-reporter@mozilla.org in app-system-defaults
1557043283618	addons.xpi	DEBUG	Existing add-on webcompat@mozilla.org in app-system-defaults
1557043283619	addons.xpi	DEBUG	scanForChanges changed: false, state: {}
JavaScript error: resource://gre/modules/addons/XPIProvider.jsm, line 2614: TypeError: addon is null

Build info: version: '2.53.0', revision: '35ae25b', time: '2016-03-15 16:57:40'
System info: host: 'admin-PC', ip: '169.254.203.218', os.name: 'Windows 7', os.arch: 'amd64', os.version: '6.1', java.version: '1.8.0_121'
Driver info: driver.version: FirefoxDriver
	at org.openqa.selenium.firefox.internal.NewProfileExtensionConnection.start(NewProfileExtensionConnection.java:124)
	at org.openqa.selenium.firefox.FirefoxDriver.startClient(FirefoxDriver.java:271)
	at org.openqa.selenium.remote.RemoteWebDriver.<init>(RemoteWebDriver.java:119)
	at org.openqa.selenium.firefox.FirefoxDriver.<init>(FirefoxDriver.java:218)
	at org.openqa.selenium.firefox.FirefoxDriver.<init>(FirefoxDriver.java:211)
	at org.openqa.selenium.firefox.FirefoxDriver.<init>(FirefoxDriver.java:207)
	at org.openqa.selenium.firefox.FirefoxDriver.<init>(FirefoxDriver.java:120)
	at ScreenShot.CaptureScreenShotTest.captureScreenShot(CaptureScreenShotTest.java:14)
	at sun.reflect.NativeMethodAccessorImpl.invoke0(Native Method)
	at sun.reflect.NativeMethodAccessorImpl.invoke(Unknown Source)
	at sun.reflect.DelegatingMethodAccessorImpl.invoke(Unknown Source)
	at java.lang.reflect.Method.invoke(Unknown Source)
	at org.testng.internal.MethodInvocationHelper.invokeMethod(MethodInvocationHelper.java:104)
	at org.testng.internal.Invoker.invokeMethod(Invoker.java:645)
	at org.testng.internal.Invoker.invokeTestMethod(Invoker.java:851)
	at org.testng.internal.Invoker.invokeTestMethods(Invoker.java:1177)
	at org.testng.internal.TestMethodWorker.invokeTestMethods(TestMethodWorker.java:129)
	at org.testng.internal.TestMethodWorker.run(TestMethodWorker.java:112)
	at org.testng.TestRunner.privateRun(TestRunner.java:756)
	at org.testng.TestRunner.run(TestRunner.java:610)
	at org.testng.SuiteRunner.runTest(SuiteRunner.java:387)
	at org.testng.SuiteRunner.runSequentially(SuiteRunner.java:382)
	at org.testng.SuiteRunner.privateRun(SuiteRunner.java:340)
	at org.testng.SuiteRunner.run(SuiteRunner.java:289)
	at org.testng.SuiteRunnerWorker.runSuite(SuiteRunnerWorker.java:52)
	at org.testng.SuiteRunnerWorker.run(SuiteRunnerWorker.java:86)
	at org.testng.TestNG.runSuitesSequentially(TestNG.java:1293)
	at org.testng.TestNG.runSuitesLocally(TestNG.java:1218)
	at org.testng.TestNG.runSuites(TestNG.java:1133)
	at org.testng.TestNG.run(TestNG.java:1104)
	at org.testng.remote.AbstractRemoteTestNG.run(AbstractRemoteTestNG.java:132)
	at org.testng.remote.RemoteTestNG.initAndRun(RemoteTestNG.java:236)
	at org.testng.remote.RemoteTestNG.main(RemoteTestNG.java:81)
Caused by: org.openqa.selenium.firefox.NotConnectedException: Unable to connect to host 127.0.0.1 on port 7055 after 45000 ms. Firefox console output:
,"strictCompatibility":true,"locales":[],"targetApplications":[{"id":"toolkit@mozilla.org","minVersion":null,"maxVersion":null}],"targetPlatforms":[],"seen":true,"dependencies":[],"userPermissions":{"permissions":["tabs"],"origins":["<all_urls>"]},"icons":{"16":"icons/lightbulb.svg","32":"icons/lightbulb.svg","48":"icons/lightbulb.svg","96":"icons/lightbulb.svg","128":"icons/lightbulb.svg"},"iconURL":null,"blocklistState":0,"blocklistURL":null,"startupData":null,"hidden":true,"installTelemetryInfo":null,"location":"app-system-defaults"}
1557043282197	addons.xpi	DEBUG	Updating XPIState for {"id":"webcompat@mozilla.org","syncGUID":"{b1cb6de8-a5ff-4dd6-9c83-4fad64a96f4f}","version":"3.0.2","type":"extension","loader":null,"updateURL":null,"optionsURL":null,"optionsType":null,"optionsBrowserStyle":true,"aboutURL":null,"defaultLocale":{"name":"Web Compat","description":"Urgent post-release fixes for web compatibility.","creator":null,"developers":null,"translators":null,"contributors":null},"visible":true,"active":true,"userDisabled":false,"appDisabled":false,"installDate":1553933353554,"updateDate":1553933353554,"applyBackgroundUpdates":1,"path":"C:\\Program Files\\Mozilla Firefox\\browser\\features\\webcompat@mozilla.org.xpi","skinnable":false,"sourceURI":null,"releaseNotesURI":null,"softDisabled":false,"foreignInstall":false,"strictCompatibility":true,"locales":[],"targetApplications":[{"id":"toolkit@mozilla.org","minVersion":"59.0b5","maxVersion":null}],"targetPlatforms":[],"seen":true,"dependencies":[],"userPermissions":{"permissions":["webRequest","webRequestBlocking"],"origins":["<all_urls>"]},"icons":{},"iconURL":null,"blocklistState":0,"blocklistURL":null,"startupData":null,"hidden":true,"installTelemetryInfo":null,"location":"app-system-defaults"}
1557043282198	addons.xpi-utils	DEBUG	Updating add-on states
1557043282200	addons.xpi	DEBUG	Calling bootstrap method startup on formautofill@mozilla.org version 1.0
1557043282202	addons.xpi	DEBUG	Calling bootstrap method startup on screenshots@mozilla.org version 35.0.0
1557043282203	addons.xpi	DEBUG	Calling bootstrap method startup on webcompat@mozilla.org version 3.0.2
1557043282205	addons.manager	DEBUG	Registering shutdown blocker for XPIProvider
1557043282205	addons.manager	DEBUG	Provider finished startup: XPIProvider
1557043282205	addons.manager	DEBUG	Starting provider: LightweightThemeManager
1557043282205	addons.manager	DEBUG	Registering shutdown blocker for LightweightThemeManager
1557043282206	addons.manager	DEBUG	Provider finished startup: LightweightThemeManager
1557043282206	addons.manager	DEBUG	Starting provider: GMPProvider
1557043282210	addons.manager	DEBUG	Registering shutdown blocker for GMPProvider
1557043282210	addons.manager	DEBUG	Provider finished startup: GMPProvider
1557043282210	addons.manager	DEBUG	Starting provider: PluginProvider
1557043282210	addons.manager	DEBUG	Registering shutdown blocker for PluginProvider
1557043282210	addons.manager	DEBUG	Provider finished startup: PluginProvider
1557043282215	addons.manager	DEBUG	Completed startup sequence
1557043282638	addons.xpi-utils	DEBUG	XPI Database saved, setting schema version preference to 28
1557043282899	addons.repository	DEBUG	No addons.json found.
1557043283547	addons.manager	DEBUG	Registering upgrade listener for formautofill@mozilla.org
1557043283617	addons.xpi	DEBUG	Ignoring file: name is not a valid add-on ID: C:\Users\admin\AppData\Local\Temp\anonymous2831168223817640681webdriver-profile\extensions\webdriver-staging
1557043283617	addons.xpi	DEBUG	Existing add-on formautofill@mozilla.org in app-system-defaults
1557043283618	addons.xpi	DEBUG	Existing add-on screenshots@mozilla.org in app-system-defaults
1557043283618	addons.xpi	DEBUG	Existing add-on webcompat-reporter@mozilla.org in app-system-defaults
1557043283618	addons.xpi	DEBUG	Existing add-on webcompat@mozilla.org in app-system-defaults
1557043283619	addons.xpi	DEBUG	scanForChanges changed: false, state: {}
JavaScript error: resource://gre/modules/addons/XPIProvider.jsm, line 2614: TypeError: addon is null

	at org.openqa.selenium.firefox.internal.NewProfileExtensionConnection.start(NewProfileExtensionConnection.java:112)
	... 32 more
]]>
    </error>
  </testcase> <!-- captureScreenShot -->
</testsuite> <!-- ScreenShot.CaptureScreenShotTest -->
