<?xml version="1.0" encoding="UTF-8"?>
<!-- Generated by org.testng.reporters.JUnitReportReporter -->
<testsuite name="ExtendDemo.capturingScreenShot" tests="2" time="54.087" ignored="0" failures="0" timestamp="27 Apr 2019 06:32:38 GMT" skipped="0" hostname="admin-PC" errors="2">
  <testcase name="captureScreenShot" time="54.087" classname="ExtendDemo.capturingScreenShot">
    <error type="org.openqa.selenium.WebDriverException" message="Failed to connect to binary FirefoxBinary(C:\Program Files\Mozilla Firefox\firefox.exe) on port 7055; process output follows: 
tryInfo&quot;:null,&quot;location&quot;:&quot;app-system-defaults&quot;}
1556346709368	addons.xpi-utils	DEBUG	Updating add-on states
1556346709370	addons.xpi	DEBUG	Calling bootstrap method startup on formautofill@mozilla.org version 1.0
1556346709372	addons.xpi	DEBUG	Calling bootstrap method startup on screenshots@mozilla.org version 35.0.0
1556346709372	addons.xpi	DEBUG	Calling bootstrap method startup on webcompat@mozilla.org version 3.0.2
1556346709375	addons.manager	DEBUG	Registering shutdown blocker for XPIProvider
1556346709375	addons.manager	DEBUG	Provider finished startup: XPIProvider
1556346709375	addons.manager	DEBUG	Starting provider: LightweightThemeManager
1556346709375	addons.manager	DEBUG	Registering shutdown blocker for LightweightThemeManager
1556346709375	addons.manager	DEBUG	Provider finished startup: LightweightThemeManager
1556346709376	addons.manager	DEBUG	Starting provider: GMPProvider
1556346709379	addons.manager	DEBUG	Registering shutdown blocker for GMPProvider
1556346709380	addons.manager	DEBUG	Provider finished startup: GMPProvider
1556346709380	addons.manager	DEBUG	Starting provider: PluginProvider
1556346709380	addons.manager	DEBUG	Registering shutdown blocker for PluginProvider
1556346709380	addons.manager	DEBUG	Provider finished startup: PluginProvider
1556346709384	addons.manager	DEBUG	Completed startup sequence
1556346710014	addons.xpi-utils	DEBUG	XPI Database saved, setting schema version preference to 28
1556346710557	addons.repository	DEBUG	No addons.json found.
1556346711110	addons.manager	DEBUG	Registering upgrade listener for formautofill@mozilla.org
1556346711180	addons.xpi	DEBUG	Ignoring file: name is not a valid add-on ID: C:\Users\admin\AppData\Local\Temp\anonymous5164617792227317028webdriver-profile\extensions\webdriver-staging
1556346711181	addons.xpi	DEBUG	Existing add-on formautofill@mozilla.org in app-system-defaults
1556346711181	addons.xpi	DEBUG	Existing add-on screenshots@mozilla.org in app-system-defaults
1556346711181	addons.xpi	DEBUG	Existing add-on webcompat-reporter@mozilla.org in app-system-defaults
1556346711181	addons.xpi	DEBUG	Existing add-on webcompat@mozilla.org in app-system-defaults
1556346711182	addons.xpi	DEBUG	scanForChanges changed: false, state: {}
JavaScript error: resource://gre/modules/addons/XPIProvider.jsm, line 2614: TypeError: addon is null
1556346739661	addons.xpi	DEBUG	Calling bootstrap method shutdown on webcompat@mozilla.org version 3.0.2
1556346739670	addons.xpi	DEBUG	Calling bootstrap method shutdown on screenshots@mozilla.org version 35.0.0
1556346739676	addons.xpi	DEBUG	Calling bootstrap method shutdown on formautofill@mozilla.org version 1.0
[Parent 9528, Gecko_IOThread] WARNING: pipe error: 109: file z:/build/build/src/ipc/chromium/src/chrome/common/ipc_channel_win.cc, line 332
[Child 8720, Chrome_ChildThrea[Child 11592, Chrome_ChildThread] WARNING: pipe error: 109: file z:/build/build/src/ipc/chromium/src/chrome/common/ipc_channel_win.cc, line 332
JavaScript error: jar:file:///C:/Program%20Files/Mozilla%20Firefox/omni.ja!/components/nsUrlClassifierListManager.js, line 597: TypeError: this.tablesData[table] is undefined
[Child 7856, Chrome_ChildThread] WARNING: pipe error: 109: file z:/build/build/src/ipc/chromium/src/chrome/common/ipc_channel_win.cc, line 332
[Child 7856, Chrome_ChildThread] WARNING: pipe error: 109: file z:/build/build/src/ipc/chromium/src/chrome/common/ipc_channel_win.cc, line 332
1556346740500	addons.manager	DEBUG	shutdown
1556346740502	addons.manager	DEBUG	Calling shutdown blocker for XPIProvider
1556346740503	addons.xpi	DEBUG	shutdown
1556346740503	addons.xpi-utils	DEBUG	shutdown
1556346740504	addons.manager	DEBUG	Calling shutdown blocker for LightweightThemeManager
1556346740504	addons.manager	DEBUG	Calling shutdown blocker for GMPProvider
1556346740505	addons.manager	DEBUG	Calling shutdown blocker for PluginProvider
1556346740520	addons.manager	DEBUG	Async provider shutdown done
[Parent 9528, Gecko_IOThread] WARNING: file z:/build/build/src/ipc/chromium/src/base/process_util_win.cc, line 166

Build info: version: &#039;2.53.0&#039;, revision: &#039;35ae25b&#039;, time: &#039;2016-03-15 16:57:40&#039;
System info: host: &#039;admin-PC&#039;, ip: &#039;169.254.203.218&#039;, os.name: &#039;Windows 7&#039;, os.arch: &#039;amd64&#039;, os.version: &#039;6.1&#039;, java.version: &#039;1.8.0_121&#039;
Driver info: driver.version: FirefoxDriver">
      <![CDATA[org.openqa.selenium.WebDriverException: Failed to connect to binary FirefoxBinary(C:\Program Files\Mozilla Firefox\firefox.exe) on port 7055; process output follows: 
tryInfo":null,"location":"app-system-defaults"}
1556346709368	addons.xpi-utils	DEBUG	Updating add-on states
1556346709370	addons.xpi	DEBUG	Calling bootstrap method startup on formautofill@mozilla.org version 1.0
1556346709372	addons.xpi	DEBUG	Calling bootstrap method startup on screenshots@mozilla.org version 35.0.0
1556346709372	addons.xpi	DEBUG	Calling bootstrap method startup on webcompat@mozilla.org version 3.0.2
1556346709375	addons.manager	DEBUG	Registering shutdown blocker for XPIProvider
1556346709375	addons.manager	DEBUG	Provider finished startup: XPIProvider
1556346709375	addons.manager	DEBUG	Starting provider: LightweightThemeManager
1556346709375	addons.manager	DEBUG	Registering shutdown blocker for LightweightThemeManager
1556346709375	addons.manager	DEBUG	Provider finished startup: LightweightThemeManager
1556346709376	addons.manager	DEBUG	Starting provider: GMPProvider
1556346709379	addons.manager	DEBUG	Registering shutdown blocker for GMPProvider
1556346709380	addons.manager	DEBUG	Provider finished startup: GMPProvider
1556346709380	addons.manager	DEBUG	Starting provider: PluginProvider
1556346709380	addons.manager	DEBUG	Registering shutdown blocker for PluginProvider
1556346709380	addons.manager	DEBUG	Provider finished startup: PluginProvider
1556346709384	addons.manager	DEBUG	Completed startup sequence
1556346710014	addons.xpi-utils	DEBUG	XPI Database saved, setting schema version preference to 28
1556346710557	addons.repository	DEBUG	No addons.json found.
1556346711110	addons.manager	DEBUG	Registering upgrade listener for formautofill@mozilla.org
1556346711180	addons.xpi	DEBUG	Ignoring file: name is not a valid add-on ID: C:\Users\admin\AppData\Local\Temp\anonymous5164617792227317028webdriver-profile\extensions\webdriver-staging
1556346711181	addons.xpi	DEBUG	Existing add-on formautofill@mozilla.org in app-system-defaults
1556346711181	addons.xpi	DEBUG	Existing add-on screenshots@mozilla.org in app-system-defaults
1556346711181	addons.xpi	DEBUG	Existing add-on webcompat-reporter@mozilla.org in app-system-defaults
1556346711181	addons.xpi	DEBUG	Existing add-on webcompat@mozilla.org in app-system-defaults
1556346711182	addons.xpi	DEBUG	scanForChanges changed: false, state: {}
JavaScript error: resource://gre/modules/addons/XPIProvider.jsm, line 2614: TypeError: addon is null
1556346739661	addons.xpi	DEBUG	Calling bootstrap method shutdown on webcompat@mozilla.org version 3.0.2
1556346739670	addons.xpi	DEBUG	Calling bootstrap method shutdown on screenshots@mozilla.org version 35.0.0
1556346739676	addons.xpi	DEBUG	Calling bootstrap method shutdown on formautofill@mozilla.org version 1.0
[Parent 9528, Gecko_IOThread] WARNING: pipe error: 109: file z:/build/build/src/ipc/chromium/src/chrome/common/ipc_channel_win.cc, line 332
[Child 8720, Chrome_ChildThrea[Child 11592, Chrome_ChildThread] WARNING: pipe error: 109: file z:/build/build/src/ipc/chromium/src/chrome/common/ipc_channel_win.cc, line 332
JavaScript error: jar:file:///C:/Program%20Files/Mozilla%20Firefox/omni.ja!/components/nsUrlClassifierListManager.js, line 597: TypeError: this.tablesData[table] is undefined
[Child 7856, Chrome_ChildThread] WARNING: pipe error: 109: file z:/build/build/src/ipc/chromium/src/chrome/common/ipc_channel_win.cc, line 332
[Child 7856, Chrome_ChildThread] WARNING: pipe error: 109: file z:/build/build/src/ipc/chromium/src/chrome/common/ipc_channel_win.cc, line 332
1556346740500	addons.manager	DEBUG	shutdown
1556346740502	addons.manager	DEBUG	Calling shutdown blocker for XPIProvider
1556346740503	addons.xpi	DEBUG	shutdown
1556346740503	addons.xpi-utils	DEBUG	shutdown
1556346740504	addons.manager	DEBUG	Calling shutdown blocker for LightweightThemeManager
1556346740504	addons.manager	DEBUG	Calling shutdown blocker for GMPProvider
1556346740505	addons.manager	DEBUG	Calling shutdown blocker for PluginProvider
1556346740520	addons.manager	DEBUG	Async provider shutdown done
[Parent 9528, Gecko_IOThread] WARNING: file z:/build/build/src/ipc/chromium/src/base/process_util_win.cc, line 166

Build info: version: '2.53.0', revision: '35ae25b', time: '2016-03-15 16:57:40'
System info: host: 'admin-PC', ip: '169.254.203.218', os.name: 'Windows 7', os.arch: 'amd64', os.version: '6.1', java.version: '1.8.0_121'
Driver info: driver.version: FirefoxDriver
	at org.openqa.selenium.firefox.internal.NewProfileExtensionConnection.start(NewProfileExtensionConnection.java:124)
	at org.openqa.selenium.firefox.FirefoxDriver.startClient(FirefoxDriver.java:271)
	at org.openqa.selenium.remote.RemoteWebDriver.<init>(RemoteWebDriver.java:119)
	at org.openqa.selenium.firefox.FirefoxDriver.<init>(FirefoxDriver.java:218)
	at org.openqa.selenium.firefox.FirefoxDriver.<init>(FirefoxDriver.java:211)
	at org.openqa.selenium.firefox.FirefoxDriver.<init>(FirefoxDriver.java:207)
	at org.openqa.selenium.firefox.FirefoxDriver.<init>(FirefoxDriver.java:120)
	at ExtendDemo.capturingScreenShot.captureScreenShot(capturingScreenShot.java:39)
	at sun.reflect.NativeMethodAccessorImpl.invoke0(Native Method)
	at sun.reflect.NativeMethodAccessorImpl.invoke(Unknown Source)
	at sun.reflect.DelegatingMethodAccessorImpl.invoke(Unknown Source)
	at java.lang.reflect.Method.invoke(Unknown Source)
	at org.testng.internal.MethodInvocationHelper.invokeMethod(MethodInvocationHelper.java:104)
	at org.testng.internal.Invoker.invokeMethod(Invoker.java:645)
	at org.testng.internal.Invoker.invokeTestMethod(Invoker.java:851)
	at org.testng.internal.Invoker.invokeTestMethods(Invoker.java:1177)
	at org.testng.internal.TestMethodWorker.invokeTestMethods(TestMethodWorker.java:129)
	at org.testng.internal.TestMethodWorker.run(TestMethodWorker.java:112)
	at org.testng.TestRunner.privateRun(TestRunner.java:756)
	at org.testng.TestRunner.run(TestRunner.java:610)
	at org.testng.SuiteRunner.runTest(SuiteRunner.java:387)
	at org.testng.SuiteRunner.runSequentially(SuiteRunner.java:382)
	at org.testng.SuiteRunner.privateRun(SuiteRunner.java:340)
	at org.testng.SuiteRunner.run(SuiteRunner.java:289)
	at org.testng.SuiteRunnerWorker.runSuite(SuiteRunnerWorker.java:52)
	at org.testng.SuiteRunnerWorker.run(SuiteRunnerWorker.java:86)
	at org.testng.TestNG.runSuitesSequentially(TestNG.java:1293)
	at org.testng.TestNG.runSuitesLocally(TestNG.java:1218)
	at org.testng.TestNG.runSuites(TestNG.java:1133)
	at org.testng.TestNG.run(TestNG.java:1104)
	at org.testng.remote.AbstractRemoteTestNG.run(AbstractRemoteTestNG.java:132)
	at org.testng.remote.RemoteTestNG.initAndRun(RemoteTestNG.java:236)
	at org.testng.remote.RemoteTestNG.main(RemoteTestNG.java:81)
Caused by: org.openqa.selenium.firefox.NotConnectedException: Unable to connect to host 127.0.0.1 on port 7055 after 45000 ms. Firefox console output:
tryInfo":null,"location":"app-system-defaults"}
1556346709368	addons.xpi-utils	DEBUG	Updating add-on states
1556346709370	addons.xpi	DEBUG	Calling bootstrap method startup on formautofill@mozilla.org version 1.0
1556346709372	addons.xpi	DEBUG	Calling bootstrap method startup on screenshots@mozilla.org version 35.0.0
1556346709372	addons.xpi	DEBUG	Calling bootstrap method startup on webcompat@mozilla.org version 3.0.2
1556346709375	addons.manager	DEBUG	Registering shutdown blocker for XPIProvider
1556346709375	addons.manager	DEBUG	Provider finished startup: XPIProvider
1556346709375	addons.manager	DEBUG	Starting provider: LightweightThemeManager
1556346709375	addons.manager	DEBUG	Registering shutdown blocker for LightweightThemeManager
1556346709375	addons.manager	DEBUG	Provider finished startup: LightweightThemeManager
1556346709376	addons.manager	DEBUG	Starting provider: GMPProvider
1556346709379	addons.manager	DEBUG	Registering shutdown blocker for GMPProvider
1556346709380	addons.manager	DEBUG	Provider finished startup: GMPProvider
1556346709380	addons.manager	DEBUG	Starting provider: PluginProvider
1556346709380	addons.manager	DEBUG	Registering shutdown blocker for PluginProvider
1556346709380	addons.manager	DEBUG	Provider finished startup: PluginProvider
1556346709384	addons.manager	DEBUG	Completed startup sequence
1556346710014	addons.xpi-utils	DEBUG	XPI Database saved, setting schema version preference to 28
1556346710557	addons.repository	DEBUG	No addons.json found.
1556346711110	addons.manager	DEBUG	Registering upgrade listener for formautofill@mozilla.org
1556346711180	addons.xpi	DEBUG	Ignoring file: name is not a valid add-on ID: C:\Users\admin\AppData\Local\Temp\anonymous5164617792227317028webdriver-profile\extensions\webdriver-staging
1556346711181	addons.xpi	DEBUG	Existing add-on formautofill@mozilla.org in app-system-defaults
1556346711181	addons.xpi	DEBUG	Existing add-on screenshots@mozilla.org in app-system-defaults
1556346711181	addons.xpi	DEBUG	Existing add-on webcompat-reporter@mozilla.org in app-system-defaults
1556346711181	addons.xpi	DEBUG	Existing add-on webcompat@mozilla.org in app-system-defaults
1556346711182	addons.xpi	DEBUG	scanForChanges changed: false, state: {}
JavaScript error: resource://gre/modules/addons/XPIProvider.jsm, line 2614: TypeError: addon is null
1556346739661	addons.xpi	DEBUG	Calling bootstrap method shutdown on webcompat@mozilla.org version 3.0.2
1556346739670	addons.xpi	DEBUG	Calling bootstrap method shutdown on screenshots@mozilla.org version 35.0.0
1556346739676	addons.xpi	DEBUG	Calling bootstrap method shutdown on formautofill@mozilla.org version 1.0
[Parent 9528, Gecko_IOThread] WARNING: pipe error: 109: file z:/build/build/src/ipc/chromium/src/chrome/common/ipc_channel_win.cc, line 332
[Child 8720, Chrome_ChildThrea[Child 11592, Chrome_ChildThread] WARNING: pipe error: 109: file z:/build/build/src/ipc/chromium/src/chrome/common/ipc_channel_win.cc, line 332
JavaScript error: jar:file:///C:/Program%20Files/Mozilla%20Firefox/omni.ja!/components/nsUrlClassifierListManager.js, line 597: TypeError: this.tablesData[table] is undefined
[Child 7856, Chrome_ChildThread] WARNING: pipe error: 109: file z:/build/build/src/ipc/chromium/src/chrome/common/ipc_channel_win.cc, line 332
[Child 7856, Chrome_ChildThread] WARNING: pipe error: 109: file z:/build/build/src/ipc/chromium/src/chrome/common/ipc_channel_win.cc, line 332
1556346740500	addons.manager	DEBUG	shutdown
1556346740502	addons.manager	DEBUG	Calling shutdown blocker for XPIProvider
1556346740503	addons.xpi	DEBUG	shutdown
1556346740503	addons.xpi-utils	DEBUG	shutdown
1556346740504	addons.manager	DEBUG	Calling shutdown blocker for LightweightThemeManager
1556346740504	addons.manager	DEBUG	Calling shutdown blocker for GMPProvider
1556346740505	addons.manager	DEBUG	Calling shutdown blocker for PluginProvider
1556346740520	addons.manager	DEBUG	Async provider shutdown done
[Parent 9528, Gecko_IOThread] WARNING: file z:/build/build/src/ipc/chromium/src/base/process_util_win.cc, line 166

	at org.openqa.selenium.firefox.internal.NewProfileExtensionConnection.start(NewProfileExtensionConnection.java:112)
	... 32 more
]]>
    </error>
  </testcase> <!-- captureScreenShot -->
  <testcase name="myResult" time="0.000" classname="ExtendDemo.capturingScreenShot">
    <error type="java.lang.NullPointerException">
      <![CDATA[java.lang.NullPointerException
	at ExtendDemo.getscreenshot.capture(getscreenshot.java:16)
	at ExtendDemo.capturingScreenShot.myResult(capturingScreenShot.java:51)
	at sun.reflect.NativeMethodAccessorImpl.invoke0(Native Method)
	at sun.reflect.NativeMethodAccessorImpl.invoke(Unknown Source)
	at sun.reflect.DelegatingMethodAccessorImpl.invoke(Unknown Source)
	at java.lang.reflect.Method.invoke(Unknown Source)
	at org.testng.internal.MethodInvocationHelper.invokeMethod(MethodInvocationHelper.java:104)
	at org.testng.internal.Invoker.invokeConfigurationMethod(Invoker.java:515)
	at org.testng.internal.Invoker.invokeConfigurations(Invoker.java:217)
	at org.testng.internal.Invoker.invokeMethod(Invoker.java:712)
	at org.testng.internal.Invoker.invokeTestMethod(Invoker.java:851)
	at org.testng.internal.Invoker.invokeTestMethods(Invoker.java:1177)
	at org.testng.internal.TestMethodWorker.invokeTestMethods(TestMethodWorker.java:129)
	at org.testng.internal.TestMethodWorker.run(TestMethodWorker.java:112)
	at org.testng.TestRunner.privateRun(TestRunner.java:756)
	at org.testng.TestRunner.run(TestRunner.java:610)
	at org.testng.SuiteRunner.runTest(SuiteRunner.java:387)
	at org.testng.SuiteRunner.runSequentially(SuiteRunner.java:382)
	at org.testng.SuiteRunner.privateRun(SuiteRunner.java:340)
	at org.testng.SuiteRunner.run(SuiteRunner.java:289)
	at org.testng.SuiteRunnerWorker.runSuite(SuiteRunnerWorker.java:52)
	at org.testng.SuiteRunnerWorker.run(SuiteRunnerWorker.java:86)
	at org.testng.TestNG.runSuitesSequentially(TestNG.java:1293)
	at org.testng.TestNG.runSuitesLocally(TestNG.java:1218)
	at org.testng.TestNG.runSuites(TestNG.java:1133)
	at org.testng.TestNG.run(TestNG.java:1104)
	at org.testng.remote.AbstractRemoteTestNG.run(AbstractRemoteTestNG.java:132)
	at org.testng.remote.RemoteTestNG.initAndRun(RemoteTestNG.java:236)
	at org.testng.remote.RemoteTestNG.main(RemoteTestNG.java:81)
]]>
    </error>
  </testcase> <!-- myResult -->
</testsuite> <!-- ExtendDemo.capturingScreenShot -->
