<?xml version="1.0" encoding="UTF-8"?>
<!-- Generated by org.testng.reporters.JUnitReportReporter -->
<testsuite name="com.testng.ex.DataProviderInSameClass" tests="2" time="0.031" ignored="0" failures="0" timestamp="19 Jul 2017 13:27:58 GMT" skipped="0" hostname="admin-PC" errors="0">
  <testcase name="firstTest" time="0.026" classname="com.testng.ex.DataProviderInSameClass"/>
  <testcase name="firstTest" time="0.005" classname="com.testng.ex.DataProviderInSameClass"/>
</testsuite> <!-- com.testng.ex.DataProviderInSameClass -->
