<?xml version="1.0" encoding="UTF-8"?>
<!-- Generated by org.testng.reporters.JUnitReportReporter -->
<testsuite name="com.testng.ex.TestWithPriority" tests="3" time="0.016" ignored="0" failures="0" timestamp="04 May 2019 06:36:16 GMT" skipped="0" hostname="admin-PC" errors="0">
  <testcase name="signUp" time="0.012" classname="com.testng.ex.TestWithPriority"/>
  <testcase name="viewBanner" time="0.002" classname="com.testng.ex.TestWithPriority"/>
  <testcase name="logIn" time="0.002" classname="com.testng.ex.TestWithPriority"/>
</testsuite> <!-- com.testng.ex.TestWithPriority -->
