<?xml version="1.0" encoding="UTF-8"?>
<!-- Generated by org.testng.reporters.JUnitReportReporter -->
<testsuite name="RunningTestNGProgrammatically.SampleTwo" tests="1" time="0.004" ignored="0" failures="0" timestamp="28 Jul 2017 18:43:40 GMT" skipped="0" hostname="admin-PC" errors="0">
  <testcase name="testOne" time="0.004" classname="RunningTestNGProgrammatically.SampleTwo"/>
</testsuite> <!-- RunningTestNGProgrammatically.SampleTwo -->
