<?xml version="1.0" encoding="UTF-8"?>
<!-- Generated by org.testng.reporters.JUnitReportReporter -->
<testsuite name="DynamicDataProvider.ExcelToDataProvider" tests="1" time="0.000" ignored="0" failures="0" timestamp="14 Aug 2017 12:15:11 GMT" skipped="1" hostname="admin-PC" errors="0">
  <testcase name="fillUserForm" time="0.000" classname="DynamicDataProvider.ExcelToDataProvider">
    <skipped/>
  </testcase> <!-- fillUserForm -->
</testsuite> <!-- DynamicDataProvider.ExcelToDataProvider -->
