<?xml version="1.0" encoding="UTF-8"?>
<!-- Generated by org.testng.reporters.JUnitReportReporter -->
<testsuite name="com.testng.ex.Parameterization" tests="3" time="0.057" ignored="6" failures="0" timestamp="19 Jul 2017 13:22:04 GMT" skipped="0" hostname="admin-PC" errors="0">
  <testcase name="FirstTest" time="0.044" classname="com.testng.ex.Parameterization"/>
  <testcase name="SecondTest" time="0.004" classname="com.testng.ex.Parameterization"/>
  <testcase name="ThirdTest" time="0.009" classname="com.testng.ex.Parameterization"/>
  <testcase name="FirstTest" classname="com.testng.ex.Parameterization">
    <skipped/>
  </testcase> <!-- FirstTest -->
  <testcase name="FirstTest" classname="com.testng.ex.Parameterization">
    <skipped/>
  </testcase> <!-- FirstTest -->
  <testcase name="ThirdTest" classname="com.testng.ex.Parameterization">
    <skipped/>
  </testcase> <!-- ThirdTest -->
  <testcase name="ThirdTest" classname="com.testng.ex.Parameterization">
    <skipped/>
  </testcase> <!-- ThirdTest -->
  <testcase name="SecondTest" classname="com.testng.ex.Parameterization">
    <skipped/>
  </testcase> <!-- SecondTest -->
  <testcase name="SecondTest" classname="com.testng.ex.Parameterization">
    <skipped/>
  </testcase> <!-- SecondTest -->
</testsuite> <!-- com.testng.ex.Parameterization -->
